<?xml version="1.0" encoding="UTF-8"?>
<!-- Generated by org.testng.reporters.JUnitReportReporter -->
<testsuite hostname="DESKTOP-QU8KQ35" failures="0" tests="1" name="runners.ScrollRunner" time="37.805" errors="0" timestamp="2022-10-11T16:12:28 WIB" skipped="0">
  <testcase classname="runners.ScrollRunner" name="runScenario" time="37.805"/>
  <system-out/>
</testsuite> <!-- runners.ScrollRunner -->
