<?xml version="1.0" encoding="UTF-8"?>
<!-- Generated by org.testng.reporters.JUnitReportReporter -->
<testsuite hostname="DESKTOP-QU8KQ35" failures="0" tests="4" name="runners.PalindromeRunner" time="0.837" errors="0" timestamp="2022-10-11T14:23:32 WIB" skipped="0">
  <testcase classname="runners.PalindromeRunner" name="runScenario" time="0.794"/>
  <system-out/>
  <testcase classname="runners.PalindromeRunner" name="runScenario" time="0.010"/>
  <system-out/>
  <testcase classname="runners.PalindromeRunner" name="runScenario" time="0.014"/>
  <system-out/>
  <testcase classname="runners.PalindromeRunner" name="runScenario" time="0.019"/>
  <system-out/>
</testsuite> <!-- runners.PalindromeRunner -->
