<?xml version="1.0" encoding="UTF-8"?>
<!-- Generated by org.testng.reporters.JUnitReportReporter -->
<testsuite hostname="DESKTOP-QU8KQ35" failures="0" tests="1" name="runners.TokpedRunner" time="50.314" errors="0" timestamp="2022-10-11T16:21:36 WIB" skipped="0">
  <testcase classname="runners.TokpedRunner" name="runScenario" time="50.314"/>
  <system-out/>
</testsuite> <!-- runners.TokpedRunner -->
