<?xml version="1.0" encoding="UTF-8"?>
<!-- Generated by org.testng.reporters.JUnitReportReporter -->
<testsuite hostname="DESKTOP-QU8KQ35" failures="0" tests="1" name="tokped.SearchAndScroll" time="37.099" errors="0" timestamp="2022-10-11T14:06:41 WIB" skipped="0">
  <testcase classname="tokped.SearchAndScroll" name="scrollTest" time="37.099"/>
  <system-out/>
</testsuite> <!-- tokped.SearchAndScroll -->
